<?xml version="1.0" encoding="UTF-8"?>
<!-- Generated by org.testng.reporters.JUnitReportReporter -->
<testsuite skipped="0" hostname="RAJU-PC" name="maven.spicejet" tests="1" failures="0" timestamp="28 Apr 2018 10:25:13 GMT" time="4.600" errors="0">
  <testcase name="f" time="4.600" classname="maven.spicejet"/>
</testsuite> <!-- maven.spicejet -->
